-- Found ament_cmake: 1.3.11 (/opt/ros/humble/share/ament_cmake/cmake)
-- Override CMake install command with custom implementation using symlinks instead of copying resources
-- Found rosidl_default_generators: 1.2.0 (/opt/ros/humble/share/rosidl_default_generators/cmake)
-- Using all available rosidl_typesupport_c: rosidl_typesupport_fastrtps_c;rosidl_typesupport_introspection_c
-- Found rosidl_adapter: 3.1.6 (/opt/ros/humble/share/rosidl_adapter/cmake)
-- Using all available rosidl_typesupport_cpp: rosidl_typesupport_fastrtps_cpp;rosidl_typesupport_introspection_cpp
-- Found ament_cmake_ros: 0.10.0 (/opt/ros/humble/share/ament_cmake_ros/cmake)
-- Using all available rosidl_typesupport_c: rosidl_typesupport_fastrtps_c;rosidl_typesupport_introspection_c
-- Using all available rosidl_typesupport_cpp: rosidl_typesupport_fastrtps_cpp;rosidl_typesupport_introspection_cpp
-- Found python_cmake_module: 0.10.0 (/opt/ros/humble/share/python_cmake_module/cmake)
-- Using PYTHON_EXECUTABLE: /home/vanszs/Documents/ros2/ros2_ws/src/drone_mvp/ros2_venv/bin/python3
-- Using PYTHON_INCLUDE_DIRS: /usr/include/python3.13
-- Using PYTHON_LIBRARIES: /usr/lib/libpython3.13.so
-- Using numpy include directory: /home/vanszs/Documents/ros2/ros2_ws/src/drone_mvp/ros2_venv/lib/python3.13/site-packages/numpy/_core/include
-- Found ament_lint_auto: 0.12.12 (/opt/ros/humble/share/ament_lint_auto/cmake)
-- Added test 'copyright' to check source files copyright and LICENSE
-- Added test 'lint_cmake' to check CMake code style
-- Added test 'xmllint' to check XML markup files
-- Configuring done (1.4s)
-- Generating done (0.0s)
-- Build files have been written to: /home/vanszs/Documents/ros2/ros2_ws/build/unique_identifier_msgs
[  3%] [34m[1mGenerating C code for ROS interfaces[0m
[  6%] [34m[1mGenerating C++ code for ROS interfaces[0m
[  6%] Built target ament_cmake_python_symlink_unique_identifier_msgs
running egg_info
creating unique_identifier_msgs.egg-info
writing unique_identifier_msgs.egg-info/PKG-INFO
writing dependency_links to unique_identifier_msgs.egg-info/dependency_links.txt
writing top-level names to unique_identifier_msgs.egg-info/top_level.txt
writing manifest file 'unique_identifier_msgs.egg-info/SOURCES.txt'
reading manifest file 'unique_identifier_msgs.egg-info/SOURCES.txt'
writing manifest file 'unique_identifier_msgs.egg-info/SOURCES.txt'
[  6%] Built target ament_cmake_python_build_unique_identifier_msgs_egg
