[0.012s] Invoking command in '/home/vanszs/Documents/ros2/ros2_ws/build/mavros_msgs': DEBUGINFOD_URLS=https://debuginfod.archlinux.org _=/usr/bin/env /usr/bin/cmake /home/vanszs/Documents/ros2/ros2_ws/src/mavros/mavros_msgs -DCMAKE_INSTALL_PREFIX=/home/vanszs/Documents/ros2/ros2_ws/install/mavros_msgs
[0.021s] [0mCMake Deprecation Warning at CMakeLists.txt:1 (cmake_minimum_required):
[0.021s]   Compatibility with CMake < 3.10 will be removed from a future version of
[0.021s]   CMake.
[0.021s] 
[0.021s]   Update the VERSION argument <min> value.  Or, use the <min>...<max> syntax
[0.021s]   to tell CMake that the project requires at least <min> but has been updated
[0.021s]   to work with policies introduced by <max> or earlier.
[0.021s] 
[0.021s] [0m
[0.062s] -- The C compiler identification is GNU 15.1.1
[0.193s] -- The CXX compiler identification is GNU 15.1.1
[0.199s] -- Detecting C compiler ABI info
[0.272s] -- Detecting C compiler ABI info - done
[0.281s] -- Check for working C compiler: /usr/bin/cc - skipped
[0.282s] -- Detecting C compile features
[0.282s] -- Detecting C compile features - done
[0.295s] -- Detecting CXX compiler ABI info
[0.437s] -- Detecting CXX compiler ABI info - done
[0.453s] -- Check for working CXX compiler: /usr/bin/c++ - skipped
[0.453s] -- Detecting CXX compile features
[0.454s] -- Detecting CXX compile features - done
[0.460s] -- Found ament_cmake: 1.3.11 (/opt/ros/humble/share/ament_cmake/cmake)
[0.566s] -- Found Python3: /home/vanszs/Documents/ros2/ros2_ws/src/drone_mvp/ros2_venv/bin/python3 (found version "3.13.5") found components: Interpreter
[0.665s] -- Found rosidl_default_generators: 1.2.0 (/opt/ros/humble/share/rosidl_default_generators/cmake)
[0.666s] -- Using all available rosidl_typesupport_c: rosidl_typesupport_fastrtps_c;rosidl_typesupport_introspection_c
[0.670s] -- Found rosidl_adapter: 3.1.6 (/opt/ros/humble/share/rosidl_adapter/cmake)
[0.698s] -- Using all available rosidl_typesupport_cpp: rosidl_typesupport_fastrtps_cpp;rosidl_typesupport_introspection_cpp
[0.723s] -- Found builtin_interfaces: 1.2.1 (/opt/ros/humble/share/builtin_interfaces/cmake)
[0.732s] -- Found rcl_interfaces: 1.2.1 (/opt/ros/humble/share/rcl_interfaces/cmake)
[0.749s] [31mCMake Error at CMakeLists.txt:18 (find_package):
[0.749s]   By not providing "Findgeographic_msgs.cmake" in CMAKE_MODULE_PATH this
[0.749s]   project has asked CMake to find a package configuration file provided by
[0.749s]   "geographic_msgs", but CMake did not find one.
[0.749s] 
[0.749s]   Could not find a package configuration file provided by "geographic_msgs"
[0.749s]   with any of the following names:
[0.749s] 
[0.749s]     geographic_msgsConfig.cmake
[0.749s]     geographic_msgs-config.cmake
[0.749s] 
[0.750s]   Add the installation prefix of "geographic_msgs" to CMAKE_PREFIX_PATH or
[0.750s]   set "geographic_msgs_DIR" to a directory containing one of the above files.
[0.750s]   If "geographic_msgs" provides a separate development package or SDK, be
[0.750s]   sure it has been installed.
[0.750s] 
[0.750s] [0m
[0.750s] -- Configuring incomplete, errors occurred!
