[0.016s] Invoking command in '/home/vanszs/Documents/ros2/ros2_ws/build/libmavconn': DEBUGINFOD_URLS=https://debuginfod.archlinux.org _=/usr/bin/env /usr/bin/cmake /home/vanszs/Documents/ros2/ros2_ws/src/mavros/libmavconn -DCMAKE_INSTALL_PREFIX=/home/vanszs/Documents/ros2/ros2_ws/install/libmavconn
[0.026s] [0mCMake Deprecation Warning at CMakeLists.txt:1 (cmake_minimum_required):
[0.027s]   Compatibility with CMake < 3.10 will be removed from a future version of
[0.027s]   CMake.
[0.027s] 
[0.027s]   Update the VERSION argument <min> value.  Or, use the <min>...<max> syntax
[0.028s]   to tell CMake that the project requires at least <min> but has been updated
[0.028s]   to work with policies introduced by <max> or earlier.
[0.028s] 
[0.028s] [0m
[0.070s] -- The C compiler identification is GNU 15.1.1
[0.206s] -- The CXX compiler identification is GNU 15.1.1
[0.212s] -- Detecting C compiler ABI info
[0.285s] -- Detecting C compiler ABI info - done
[0.297s] -- Check for working C compiler: /usr/bin/cc - skipped
[0.297s] -- Detecting C compile features
[0.298s] -- Detecting C compile features - done
[0.308s] -- Detecting CXX compiler ABI info
[0.452s] -- Detecting CXX compiler ABI info - done
[0.462s] -- Check for working CXX compiler: /usr/bin/c++ - skipped
[0.462s] -- Detecting CXX compile features
[0.462s] -- Detecting CXX compile features - done
[0.468s] -- Found ament_cmake: 1.3.11 (/opt/ros/humble/share/ament_cmake/cmake)
[0.573s] -- Found Python3: /home/vanszs/Documents/ros2/ros2_ws/src/drone_mvp/ros2_venv/bin/python3 (found version "3.13.5") found components: Interpreter
[0.675s] -- Found ASIO: /usr/include
[0.684s] [31mCMake Error at CMakeLists.txt:33 (find_package):
[0.684s]   By not providing "Findmavlink.cmake" in CMAKE_MODULE_PATH this project has
[0.684s]   asked CMake to find a package configuration file provided by "mavlink", but
[0.684s]   CMake did not find one.
[0.684s] 
[0.684s]   Could not find a package configuration file provided by "mavlink" with any
[0.685s]   of the following names:
[0.685s] 
[0.685s]     mavlinkConfig.cmake
[0.685s]     mavlink-config.cmake
[0.685s] 
[0.685s]   Add the installation prefix of "mavlink" to CMAKE_PREFIX_PATH or set
[0.685s]   "mavlink_DIR" to a directory containing one of the above files.  If
[0.685s]   "mavlink" provides a separate development package or SDK, be sure it has
[0.685s]   been installed.
[0.685s] 
[0.685s] [0m
[0.685s] -- Configuring incomplete, errors occurred!
[0.688s] Invoked command in '/home/vanszs/Documents/ros2/ros2_ws/build/libmavconn' returned '1': DEBUGINFOD_URLS=https://debuginfod.archlinux.org _=/usr/bin/env /usr/bin/cmake /home/vanszs/Documents/ros2/ros2_ws/src/mavros/libmavconn -DCMAKE_INSTALL_PREFIX=/home/vanszs/Documents/ros2/ros2_ws/install/libmavconn
