[2025-08-05 12:15:50] [INFO] 🔧 Debug System v2 initialized
[2025-08-05 12:15:50] [INFO] ℹ️  Legacy debug configurations loaded
[2025-08-05 12:15:50] [INFO] 🔧 KAERTEI 2025 Debug System v2 starting...
[2025-08-05 12:15:50] [INFO] ℹ️  1. Checking USB devices...
[2025-08-05 12:15:50] [SUCCESS] ✅ USB scan complete: 2 devices found
[2025-08-05 12:15:50] [INFO] ℹ️  2. Checking USB permissions...
[2025-08-05 12:15:50] [WARN] ⚠️  User not in dialout group - USB serial access may fail
[2025-08-05 12:15:50] [INFO] ℹ️  Run: sudo usermod -a -G dialout $USER && newgrp dialout
[2025-08-05 12:15:50] [INFO] ℹ️  3. Testing flight controller connection...
[2025-08-05 12:15:50] [INFO] ℹ️  4. Testing camera connections...
[2025-08-05 12:15:50] [ERROR] ❌ Camera test failed
[2025-08-05 12:15:50] [ERROR] Exception: No module named 'cv2'
[2025-08-05 12:15:50] [ERROR] Traceback: Traceback (most recent call last):
  File "/home/vanszs/Documents/ros2/ros2_ws/src/drone_mvp/debug_v2.py", line 374, in test_cameras
    import cv2
ModuleNotFoundError: No module named 'cv2'

[2025-08-05 12:15:50] [INFO] ℹ️  5. Running legacy compatibility checks...
[2025-08-05 12:15:50] [INFO] ℹ️  6. Checking Python dependencies...
[2025-08-05 12:15:51] [INFO] ℹ️  7. Checking ROS 2 workspace...
[2025-08-05 12:15:51] [SUCCESS] ✅ Report saved: logs/debug_v2_report_20250805_121551.txt
[2025-08-05 12:15:51] [SUCCESS] ✅ Data saved: logs/debug_v2_data_20250805_121551.json
[2025-08-05 12:20:31] [INFO] 🔧 Debug System v2 initialized
[2025-08-05 12:20:31] [INFO] ℹ️  Legacy debug configurations loaded
[2025-08-05 12:20:31] [WARN] ⚠️  USB fallback mode enabled - using dummy hardware
[2025-08-05 12:20:31] [INFO] ℹ️  Forced dummy mode from environment
[2025-08-05 12:20:31] [INFO] 🔧 KAERTEI 2025 Debug System v2 starting...
[2025-08-05 12:20:31] [INFO] ℹ️  1. Checking USB devices...
[2025-08-05 12:20:31] [SUCCESS] ✅ USB scan complete: 2 devices found
[2025-08-05 12:20:31] [INFO] ℹ️  2. Checking USB permissions...
[2025-08-05 12:20:31] [WARN] ⚠️  User not in dialout group - USB serial access may fail
[2025-08-05 12:20:31] [INFO] ℹ️  Run: sudo usermod -a -G dialout $USER && newgrp dialout
[2025-08-05 12:20:31] [INFO] ℹ️  3. Testing flight controller connection...
[2025-08-05 12:20:31] [INFO] ℹ️  4. Testing camera connections...
[2025-08-05 12:20:31] [INFO] ℹ️  5. Running legacy compatibility checks...
[2025-08-05 12:20:32] [INFO] ℹ️  6. Checking Python dependencies...
[2025-08-05 12:20:32] [INFO] ℹ️  7. Checking ROS 2 workspace...
[2025-08-05 12:20:32] [SUCCESS] ✅ Report saved: logs/debug_v2_report_20250805_122032.txt
[2025-08-05 12:20:32] [SUCCESS] ✅ Data saved: logs/debug_v2_data_20250805_122032.json
[2025-08-05 14:28:55] [INFO] 🔧 Debug System v2 initialized
[2025-08-05 14:28:55] [INFO] ℹ️  Legacy debug configurations loaded
[2025-08-05 14:28:55] [INFO] 🔧 KAERTEI 2025 Debug System v2 starting...
[2025-08-05 14:28:55] [INFO] ℹ️  1. Checking USB devices...
[2025-08-05 14:28:55] [SUCCESS] ✅ USB scan complete: 2 devices found
[2025-08-05 14:28:55] [INFO] ℹ️  2. Checking USB permissions...
[2025-08-05 14:28:55] [WARN] ⚠️  User not in dialout group - USB serial access may fail
[2025-08-05 14:28:55] [INFO] ℹ️  Run: sudo usermod -a -G dialout $USER && newgrp dialout
[2025-08-05 14:28:55] [INFO] ℹ️  3. Testing flight controller connection...
[2025-08-05 14:28:55] [INFO] ℹ️  4. Testing camera connections...
[2025-08-05 14:28:56] [SUCCESS] ✅ Camera 0 working
[2025-08-05 14:28:56] [INFO] ℹ️  5. Running legacy compatibility checks...
[2025-08-05 14:28:57] [INFO] ℹ️  6. Checking Python dependencies...
[2025-08-05 14:28:57] [INFO] ℹ️  7. Checking ROS 2 workspace...
[2025-08-05 14:28:57] [SUCCESS] ✅ Report saved: logs/debug_v2_report_20250805_142857.txt
[2025-08-05 14:28:57] [SUCCESS] ✅ Data saved: logs/debug_v2_data_20250805_142857.json
