[0.014s] Invoking command in '/home/vanszs/Documents/ros2/ros2_ws/build/unique_identifier_msgs': DEBUGINFOD_URLS=https://debuginfod.archlinux.org _=/usr/bin/env /usr/bin/cmake /home/vanszs/Documents/ros2/ros2_ws/src/unique_identifier_msgs -DCMAKE_INSTALL_PREFIX=/home/vanszs/Documents/ros2/ros2_ws/install/unique_identifier_msgs
[0.029s] [0mCMake Deprecation Warning at CMakeLists.txt:1 (cmake_minimum_required):
[0.030s]   Compatibility with CMake < 3.10 will be removed from a future version of
[0.030s]   CMake.
[0.030s] 
[0.030s]   Update the VERSION argument <min> value.  Or, use the <min>...<max> syntax
[0.030s]   to tell CMake that the project requires at least <min> but has been updated
[0.030s]   to work with policies introduced by <max> or earlier.
[0.030s] 
[0.030s] [0m
[0.037s] -- Found ament_cmake: 1.3.11 (/opt/ros/humble/share/ament_cmake/cmake)
[0.254s] -- Override CMake install command with custom implementation using symlinks instead of copying resources
[0.259s] -- Found rosidl_default_generators: 1.2.0 (/opt/ros/humble/share/rosidl_default_generators/cmake)
[0.260s] -- Using all available rosidl_typesupport_c: rosidl_typesupport_fastrtps_c;rosidl_typesupport_introspection_c
[0.262s] -- Found rosidl_adapter: 3.1.6 (/opt/ros/humble/share/rosidl_adapter/cmake)
[0.287s] -- Using all available rosidl_typesupport_cpp: rosidl_typesupport_fastrtps_cpp;rosidl_typesupport_introspection_cpp
[0.636s] -- Found ament_cmake_ros: 0.10.0 (/opt/ros/humble/share/ament_cmake_ros/cmake)
[0.935s] -- Using all available rosidl_typesupport_c: rosidl_typesupport_fastrtps_c;rosidl_typesupport_introspection_c
[1.358s] -- Using all available rosidl_typesupport_cpp: rosidl_typesupport_fastrtps_cpp;rosidl_typesupport_introspection_cpp
[1.359s] [33mCMake Warning (dev) at /opt/ros/humble/share/rosidl_generator_py/cmake/rosidl_generator_py_generate_interfaces.cmake:20 (find_package):
[1.359s]   Policy CMP0148 is not set: The FindPythonInterp and FindPythonLibs modules
[1.359s]   are removed.  Run "cmake --help-policy CMP0148" for policy details.  Use
[1.359s]   the cmake_policy command to set the policy and suppress this warning.
[1.359s] 
[1.359s] Call Stack (most recent call first):
[1.359s]   /opt/ros/humble/share/ament_cmake_core/cmake/core/ament_execute_extensions.cmake:48 (include)
[1.359s]   /opt/ros/humble/share/rosidl_cmake/cmake/rosidl_generate_interfaces.cmake:286 (ament_execute_extensions)
[1.359s]   CMakeLists.txt:21 (rosidl_generate_interfaces)
[1.359s] This warning is for project developers.  Use -Wno-dev to suppress it.
[1.360s] [0m
[1.372s] -- Found python_cmake_module: 0.10.0 (/opt/ros/humble/share/python_cmake_module/cmake)
[1.372s] [33mCMake Warning (dev) at /opt/ros/humble/share/python_cmake_module/cmake/Modules/FindPythonExtra.cmake:52 (find_package):
[1.372s]   Policy CMP0148 is not set: The FindPythonInterp and FindPythonLibs modules
[1.372s]   are removed.  Run "cmake --help-policy CMP0148" for policy details.  Use
[1.372s]   the cmake_policy command to set the policy and suppress this warning.
[1.372s] 
[1.372s] Call Stack (most recent call first):
[1.372s]   /opt/ros/humble/share/rosidl_generator_py/cmake/rosidl_generator_py_generate_interfaces.cmake:23 (find_package)
[1.372s]   /opt/ros/humble/share/ament_cmake_core/cmake/core/ament_execute_extensions.cmake:48 (include)
[1.372s]   /opt/ros/humble/share/rosidl_cmake/cmake/rosidl_generate_interfaces.cmake:286 (ament_execute_extensions)
[1.372s]   CMakeLists.txt:21 (rosidl_generate_interfaces)
[1.372s] This warning is for project developers.  Use -Wno-dev to suppress it.
[1.372s] [0m
[1.384s] [33mCMake Warning (dev) at /opt/ros/humble/share/python_cmake_module/cmake/Modules/FindPythonExtra.cmake:140 (find_package):
[1.384s]   Policy CMP0148 is not set: The FindPythonInterp and FindPythonLibs modules
[1.384s]   are removed.  Run "cmake --help-policy CMP0148" for policy details.  Use
[1.384s]   the cmake_policy command to set the policy and suppress this warning.
[1.384s] 
[1.384s] Call Stack (most recent call first):
[1.384s]   /opt/ros/humble/share/rosidl_generator_py/cmake/rosidl_generator_py_generate_interfaces.cmake:23 (find_package)
[1.384s]   /opt/ros/humble/share/ament_cmake_core/cmake/core/ament_execute_extensions.cmake:48 (include)
[1.384s]   /opt/ros/humble/share/rosidl_cmake/cmake/rosidl_generate_interfaces.cmake:286 (ament_execute_extensions)
[1.384s]   CMakeLists.txt:21 (rosidl_generate_interfaces)
[1.384s] This warning is for project developers.  Use -Wno-dev to suppress it.
[1.384s] [0m
[1.385s] -- Using PYTHON_EXECUTABLE: /home/vanszs/Documents/ros2/ros2_ws/src/drone_mvp/ros2_venv/bin/python3
[1.385s] -- Using PYTHON_INCLUDE_DIRS: /usr/include/python3.13
[1.385s] -- Using PYTHON_LIBRARIES: /usr/lib/libpython3.13.so
[1.482s] -- Using numpy include directory: /home/vanszs/Documents/ros2/ros2_ws/src/drone_mvp/ros2_venv/lib/python3.13/site-packages/numpy/_core/include
[1.489s] -- Found ament_lint_auto: 0.12.12 (/opt/ros/humble/share/ament_lint_auto/cmake)
[1.499s] -- Added test 'copyright' to check source files copyright and LICENSE
[1.502s] -- Added test 'lint_cmake' to check CMake code style
[1.504s] -- Added test 'xmllint' to check XML markup files
[1.506s] -- Configuring done (1.5s)
[1.530s] -- Generating done (0.0s)
[1.536s] -- Build files have been written to: /home/vanszs/Documents/ros2/ros2_ws/build/unique_identifier_msgs
