[0.013s] Invoking command in '/home/vanszs/Documents/ros2/ros2_ws/build/libmavconn': DEBUGINFOD_URLS=https://debuginfod.archlinux.org _=/usr/bin/env /usr/bin/cmake /home/vanszs/Documents/ros2/ros2_ws/src/mavros/libmavconn -DCMAKE_INSTALL_PREFIX=/home/vanszs/Documents/ros2/ros2_ws/install/libmavconn
[0.025s] [0mCMake Deprecation Warning at CMakeLists.txt:1 (cmake_minimum_required):
[0.025s]   Compatibility with CMake < 3.10 will be removed from a future version of
[0.025s]   CMake.
[0.025s] 
[0.025s]   Update the VERSION argument <min> value.  Or, use the <min>...<max> syntax
[0.025s]   to tell CMake that the project requires at least <min> but has been updated
[0.026s]   to work with policies introduced by <max> or earlier.
[0.026s] 
[0.026s] [0m
[0.032s] -- Found ament_cmake: 1.3.11 (/opt/ros/humble/share/ament_cmake/cmake)
[0.269s] [31mCMake Error at CMakeLists.txt:33 (find_package):
[0.269s]   By not providing "Findmavlink.cmake" in CMAKE_MODULE_PATH this project has
[0.269s]   asked CMake to find a package configuration file provided by "mavlink", but
[0.269s]   CMake did not find one.
[0.269s] 
[0.269s]   Could not find a package configuration file provided by "mavlink" with any
[0.269s]   of the following names:
[0.269s] 
[0.269s]     mavlinkConfig.cmake
[0.269s]     mavlink-config.cmake
[0.270s] 
[0.270s]   Add the installation prefix of "mavlink" to CMAKE_PREFIX_PATH or set
[0.270s]   "mavlink_DIR" to a directory containing one of the above files.  If
[0.270s]   "mavlink" provides a separate development package or SDK, be sure it has
[0.270s]   been installed.
[0.270s] 
[0.270s] [0m
[0.270s] -- Configuring incomplete, errors occurred!
[0.272s] Invoked command in '/home/vanszs/Documents/ros2/ros2_ws/build/libmavconn' returned '1': DEBUGINFOD_URLS=https://debuginfod.archlinux.org _=/usr/bin/env /usr/bin/cmake /home/vanszs/Documents/ros2/ros2_ws/src/mavros/libmavconn -DCMAKE_INSTALL_PREFIX=/home/vanszs/Documents/ros2/ros2_ws/install/libmavconn
